<?xml version="1.0" encoding="UTF-8"?>
<testsuite xmlns:xsi="http://www.w3.org/2001/XMLSchema-instance" xsi:noNamespaceSchemaLocation="https://maven.apache.org/surefire/maven-surefire-plugin/xsd/surefire-test-report.xsd" version="3.0.2" name="com.techie.springbootrediscache.SpringBootRedisCacheApplicationTests" time="2.56" tests="1" errors="0" skipped="0" failures="0">
  <properties>
[...]
</properties>
  <testcase name="contextLoads" classname="com.techie.springbootrediscache.SpringBootRedisCacheApplicationTests" time="0.302">
    <system-out><![CDATA[11:32:54.436 [main] INFO org.springframework.test.context.support.AnnotationConfigContextLoaderUtils -- Could not detect default configuration classes for test class [com.techie.springbootrediscache.SpringBootRedisCacheApplicationTests]: SpringBootRedisCacheApplicationTests does not declare any static, non-private, non-final, nested classes annotated with @Configuration.
11:32:54.498 [main] INFO org.springframework.boot.test.context.SpringBootTestContextBootstrapper -- Found @SpringBootConfiguration com.techie.springbootrediscache.SpringBootRedisCacheApplication for test class com.techie.springbootrediscache.SpringBootRedisCacheApplicationTests

  .   ____          _            __ _ _
 /\\ / ___'_ __ _ _(_)_ __  __ _ \ \ \ \
( ( )\___ | '_ | '_| | '_ \/ _` | \ \ \ \
 \\/  ___)| |_)| | | | | || (_| |  ) ) ) )
  '  |____| .__|_| |_|_| |_\__, | / / / /
 =========|_|==============|___/=/_/_/_/

 :: Spring Boot ::                (v3.4.3)

2025-06-26T11:32:54.676+08:00  INFO 24132 --- [spring-boot-redis-cache] [           main] t.s.SpringBootRedisCacheApplicationTests : Starting SpringBootRedisCacheApplicationTests using Java 21.0.7 with PID 24132 (started by yanxiaojing in /Users/yanxiaojing/IdeaProjects/spring-boot-redis-cache)
2025-06-26T11:32:54.677+08:00  INFO 24132 --- [spring-boot-redis-cache] [           main] t.s.SpringBootRedisCacheApplicationTests : No active profile set, falling back to 1 default profile: "default"
2025-06-26T11:32:55.004+08:00  INFO 24132 --- [spring-boot-redis-cache] [           main] .s.d.r.c.RepositoryConfigurationDelegate : Multiple Spring Data modules found, entering strict repository configuration mode
2025-06-26T11:32:55.005+08:00  INFO 24132 --- [spring-boot-redis-cache] [           main] .s.d.r.c.RepositoryConfigurationDelegate : Bootstrapping Spring Data JPA repositories in DEFAULT mode.
2025-06-26T11:32:55.081+08:00  INFO 24132 --- [spring-boot-redis-cache] [           main] .s.d.r.c.RepositoryConfigurationDelegate : Finished Spring Data repository scanning in 70 ms. Found 1 JPA repository interface.
2025-06-26T11:32:55.091+08:00  INFO 24132 --- [spring-boot-redis-cache] [           main] .s.d.r.c.RepositoryConfigurationDelegate : Multiple Spring Data modules found, entering strict repository configuration mode
2025-06-26T11:32:55.091+08:00  INFO 24132 --- [spring-boot-redis-cache] [           main] .s.d.r.c.RepositoryConfigurationDelegate : Bootstrapping Spring Data Redis repositories in DEFAULT mode.
2025-06-26T11:32:55.098+08:00  INFO 24132 --- [spring-boot-redis-cache] [           main] .RepositoryConfigurationExtensionSupport : Spring Data Redis - Could not safely identify store assignment for repository candidate interface com.techie.springbootrediscache.repository.ProductRepository; If you want this repository to be a Redis repository, consider annotating your entities with one of these annotations: org.springframework.data.redis.core.RedisHash (preferred), or consider extending one of the following types with your repository: org.springframework.data.keyvalue.repository.KeyValueRepository
2025-06-26T11:32:55.098+08:00  INFO 24132 --- [spring-boot-redis-cache] [           main] .s.d.r.c.RepositoryConfigurationDelegate : Finished Spring Data repository scanning in 2 ms. Found 0 Redis repository interfaces.
2025-06-26T11:32:55.275+08:00  INFO 24132 --- [spring-boot-redis-cache] [           main] com.zaxxer.hikari.HikariDataSource       : HikariPool-1 - Starting...
2025-06-26T11:32:55.423+08:00  INFO 24132 --- [spring-boot-redis-cache] [           main] com.zaxxer.hikari.pool.HikariPool        : HikariPool-1 - Added connection conn0: url=jdbc:h2:mem:testdb user=SA
2025-06-26T11:32:55.424+08:00  INFO 24132 --- [spring-boot-redis-cache] [           main] com.zaxxer.hikari.HikariDataSource       : HikariPool-1 - Start completed.
2025-06-26T11:32:55.470+08:00  INFO 24132 --- [spring-boot-redis-cache] [           main] o.hibernate.jpa.internal.util.LogHelper  : HHH000204: Processing PersistenceUnitInfo [name: default]
2025-06-26T11:32:55.496+08:00  INFO 24132 --- [spring-boot-redis-cache] [           main] org.hibernate.Version                    : HHH000412: Hibernate ORM core version 6.6.8.Final
2025-06-26T11:32:55.522+08:00  INFO 24132 --- [spring-boot-redis-cache] [           main] o.h.c.internal.RegionFactoryInitiator    : HHH000026: Second-level cache disabled
2025-06-26T11:32:55.661+08:00  INFO 24132 --- [spring-boot-redis-cache] [           main] o.s.o.j.p.SpringPersistenceUnitInfo      : No LoadTimeWeaver setup: ignoring JPA class transformer
2025-06-26T11:32:55.679+08:00  WARN 24132 --- [spring-boot-redis-cache] [           main] org.hibernate.orm.deprecation            : HHH90000025: H2Dialect does not need to be specified explicitly using 'hibernate.dialect' (remove the property setting and it will be selected by default)
2025-06-26T11:32:55.686+08:00  INFO 24132 --- [spring-boot-redis-cache] [           main] org.hibernate.orm.connections.pooling    : HHH10001005: Database info:
	Database JDBC URL [Connecting through datasource 'HikariDataSource (HikariPool-1)']
	Database driver: undefined/unknown
	Database version: 2.3.232
	Autocommit mode: undefined/unknown
	Isolation level: undefined/unknown
	Minimum pool size: undefined/unknown
	Maximum pool size: undefined/unknown
Hibernate: 
    create global temporary table HTE_product(price numeric(38, 2), rn_ integer not null, id bigint, name varchar(255), primary key (rn_)) TRANSACTIONAL
2025-06-26T11:32:56.012+08:00  INFO 24132 --- [spring-boot-redis-cache] [           main] o.h.e.t.j.p.i.JtaPlatformInitiator       : HHH000489: No JTA platform available (set 'hibernate.transaction.jta.platform' to enable JTA platform integration)
Hibernate: 
    drop table if exists product cascade 
Hibernate: 
    drop sequence if exists product_seq
Hibernate: 
    create sequence product_seq start with 1 increment by 50
Hibernate: 
    create table product (
        price numeric(38,2),
        id bigint not null,
        name varchar(255),
        primary key (id)
    )
2025-06-26T11:32:56.022+08:00  INFO 24132 --- [spring-boot-redis-cache] [           main] j.LocalContainerEntityManagerFactoryBean : Initialized JPA EntityManagerFactory for persistence unit 'default'
2025-06-26T11:32:56.204+08:00  WARN 24132 --- [spring-boot-redis-cache] [           main] JpaBaseConfiguration$JpaWebConfiguration : spring.jpa.open-in-view is enabled by default. Therefore, database queries may be performed during view rendering. Explicitly configure spring.jpa.open-in-view to disable this warning
2025-06-26T11:32:56.613+08:00  INFO 24132 --- [spring-boot-redis-cache] [           main] t.s.SpringBootRedisCacheApplicationTests : Started SpringBootRedisCacheApplicationTests in 2.054 seconds (process running for 2.486)
]]></system-out>
    <system-err><![CDATA[Mockito is currently self-attaching to enable the inline-mock-maker. This will no longer work in future releases of the JDK. Please add Mockito as an agent to your build what is described in Mockito's documentation: https://javadoc.io/doc/org.mockito/mockito-core/latest/org/mockito/Mockito.html#0.3
WARNING: A Java agent has been loaded dynamically (/Users/yanxiaojing/.m2/repository/net/bytebuddy/byte-buddy-agent/1.15.11/byte-buddy-agent-1.15.11.jar)
WARNING: If a serviceability tool is in use, please run with -XX:+EnableDynamicAgentLoading to hide this warning
WARNING: If a serviceability tool is not in use, please run with -Djdk.instrument.traceUsage for more information
WARNING: Dynamic loading of agents will be disallowed by default in a future release
]]></system-err>
  </testcase>
</testsuite>